[debug] [2023-02-26T04:17:42.715Z] ----------------------------------------------------------------------
[debug] [2023-02-26T04:17:42.716Z] Command:       /usr/local/bin/node /usr/local/bin/firebase init
[debug] [2023-02-26T04:17:42.717Z] CLI Version:   11.24.0
[debug] [2023-02-26T04:17:42.717Z] Platform:      darwin
[debug] [2023-02-26T04:17:42.717Z] Node Version:  v18.14.0
[debug] [2023-02-26T04:17:42.723Z] Time:          Sun Feb 26 2023 13:17:42 GMT+0900 (日本標準時)
[debug] [2023-02-26T04:17:42.723Z] ----------------------------------------------------------------------
[debug] 
[debug] [2023-02-26T04:17:42.726Z] > command requires scopes: ["email","openid","https://www.googleapis.com/auth/cloudplatformprojects.readonly","https://www.googleapis.com/auth/firebase","https://www.googleapis.com/auth/cloud-platform"]
[debug] [2023-02-26T04:17:42.726Z] > authorizing via signed-in user (kusakabe.hayato.t8@dc.tohoku.ac.jp)
[info] 
     ######## #### ########  ######## ########     ###     ######  ########
     ##        ##  ##     ## ##       ##     ##  ##   ##  ##       ##
     ######    ##  ########  ######   ########  #########  ######  ######
     ##        ##  ##    ##  ##       ##     ## ##     ##       ## ##
     ##       #### ##     ## ######## ########  ##     ##  ######  ########

You're about to initialize a Firebase project in this directory:

  /Users/kusakabesatsu/Desktop/reactpra/kabai/kabai-app

[info] 
=== Project Setup
[info] 
[info] First, let's associate this project directory with a Firebase project.
[info] You can create multiple project aliases by running firebase use --add, 
[info] but for now we'll just set up a default project.
[info] 
[debug] [2023-02-26T04:21:20.436Z] >>> [apiv2][query] GET https://firebase.googleapis.com/v1beta1/projects pageSize=100
[debug] [2023-02-26T04:21:21.207Z] <<< [apiv2][status] GET https://firebase.googleapis.com/v1beta1/projects 200
[debug] [2023-02-26T04:21:21.208Z] <<< [apiv2][body] GET https://firebase.googleapis.com/v1beta1/projects [omitted]
[info] i  Using project kabai-lab-choice-1bc18 (kabai-lab-choice) 
[info] 
=== Firestore Setup
[debug] [2023-02-26T04:21:31.565Z] >>> [apiv2][query] GET https://serviceusage.googleapis.com/v1/projects/kabai-lab-choice-1bc18/services/firestore.googleapis.com [none]
[debug] [2023-02-26T04:21:31.565Z] >>> [apiv2][(partial)header] GET https://serviceusage.googleapis.com/v1/projects/kabai-lab-choice-1bc18/services/firestore.googleapis.com x-goog-quota-user=projects/kabai-lab-choice-1bc18
[debug] [2023-02-26T04:21:32.747Z] <<< [apiv2][status] GET https://serviceusage.googleapis.com/v1/projects/kabai-lab-choice-1bc18/services/firestore.googleapis.com 200
[debug] [2023-02-26T04:21:32.747Z] <<< [apiv2][body] GET https://serviceusage.googleapis.com/v1/projects/kabai-lab-choice-1bc18/services/firestore.googleapis.com [omitted]
[debug] [2023-02-26T04:21:32.748Z] >>> [apiv2][query] GET https://firestore.googleapis.com/v1/projects/kabai-lab-choice-1bc18/databases/(default) [none]
[debug] [2023-02-26T04:21:33.161Z] <<< [apiv2][status] GET https://firestore.googleapis.com/v1/projects/kabai-lab-choice-1bc18/databases/(default) 200
[debug] [2023-02-26T04:21:33.162Z] <<< [apiv2][body] GET https://firestore.googleapis.com/v1/projects/kabai-lab-choice-1bc18/databases/(default) {"name":"projects/kabai-lab-choice-1bc18/databases/(default)","uid":"8d3e5f03-6e72-440c-bb2a-a10094ed43e1","createTime":"2023-02-25T09:59:05.823121Z","updateTime":"2023-02-25T09:59:05.823121Z","locationId":"asia-northeast3","type":"FIRESTORE_NATIVE","concurrencyMode":"PESSIMISTIC","appEngineIntegrationMode":"DISABLED","keyPrefix":"v","etag":"ILCewpWrsv0CMMH9ouXJsP0C"}
[debug] [2023-02-26T04:21:33.162Z] database_type: FIRESTORE_NATIVE
[debug] [2023-02-26T04:21:33.167Z] > command requires scopes: ["email","openid","https://www.googleapis.com/auth/cloudplatformprojects.readonly","https://www.googleapis.com/auth/firebase","https://www.googleapis.com/auth/cloud-platform"]
[debug] [2023-02-26T04:21:33.167Z] > authorizing via signed-in user (kusakabe.hayato.t8@dc.tohoku.ac.jp)
[debug] [2023-02-26T04:21:33.168Z] [iam] checking project kabai-lab-choice-1bc18 for permissions ["firebase.projects.get"]
[debug] [2023-02-26T04:21:33.170Z] >>> [apiv2][query] POST https://cloudresourcemanager.googleapis.com/v1/projects/kabai-lab-choice-1bc18:testIamPermissions [none]
[debug] [2023-02-26T04:21:33.170Z] >>> [apiv2][(partial)header] POST https://cloudresourcemanager.googleapis.com/v1/projects/kabai-lab-choice-1bc18:testIamPermissions x-goog-quota-user=projects/kabai-lab-choice-1bc18
[debug] [2023-02-26T04:21:33.170Z] >>> [apiv2][body] POST https://cloudresourcemanager.googleapis.com/v1/projects/kabai-lab-choice-1bc18:testIamPermissions {"permissions":["firebase.projects.get"]}
[debug] [2023-02-26T04:21:33.897Z] <<< [apiv2][status] POST https://cloudresourcemanager.googleapis.com/v1/projects/kabai-lab-choice-1bc18:testIamPermissions 200
[debug] [2023-02-26T04:21:33.898Z] <<< [apiv2][body] POST https://cloudresourcemanager.googleapis.com/v1/projects/kabai-lab-choice-1bc18:testIamPermissions {"permissions":["firebase.projects.get"]}
[info] 
[info] Firestore Security Rules allow you to define how and when to allow
[info] requests. You can keep these rules in your project directory
[info] and publish them with firebase deploy.
[info] 
[debug] [2023-02-26T04:21:46.795Z] >>> [apiv2][query] GET https://firebaserules.googleapis.com/v1/projects/kabai-lab-choice-1bc18/releases pageSize=10&pageToken=
[debug] [2023-02-26T04:21:48.022Z] <<< [apiv2][status] GET https://firebaserules.googleapis.com/v1/projects/kabai-lab-choice-1bc18/releases 200
[debug] [2023-02-26T04:21:48.022Z] <<< [apiv2][body] GET https://firebaserules.googleapis.com/v1/projects/kabai-lab-choice-1bc18/releases {"releases":[{"name":"projects/kabai-lab-choice-1bc18/releases/cloud.firestore","rulesetName":"projects/kabai-lab-choice-1bc18/rulesets/5a9ca928-3475-447a-906f-b8df77b37949","createTime":"2023-02-25T11:45:39.867595Z","updateTime":"2023-02-25T11:45:54.757282Z"}]}
[debug] [2023-02-26T04:21:48.022Z] Found ruleset: projects/kabai-lab-choice-1bc18/rulesets/5a9ca928-3475-447a-906f-b8df77b37949
[debug] [2023-02-26T04:21:48.023Z] >>> [apiv2][query] GET https://firebaserules.googleapis.com/v1/projects/kabai-lab-choice-1bc18/rulesets/5a9ca928-3475-447a-906f-b8df77b37949 [none]
[debug] [2023-02-26T04:21:49.233Z] <<< [apiv2][status] GET https://firebaserules.googleapis.com/v1/projects/kabai-lab-choice-1bc18/rulesets/5a9ca928-3475-447a-906f-b8df77b37949 200
[debug] [2023-02-26T04:21:49.233Z] <<< [apiv2][body] GET https://firebaserules.googleapis.com/v1/projects/kabai-lab-choice-1bc18/rulesets/5a9ca928-3475-447a-906f-b8df77b37949 [omitted]
[info] 
[info] Firestore indexes allow you to perform complex queries while
[info] maintaining performance that scales with the size of the result
[info] set. You can keep index definitions in your project directory
[info] and publish them with firebase deploy.
[info] 
[debug] [2023-02-26T04:21:59.467Z] >>> [apiv2][query] GET https://firestore.googleapis.com/v1/projects/kabai-lab-choice-1bc18/databases/(default)/collectionGroups/-/indexes [none]
[debug] [2023-02-26T04:21:59.471Z] >>> [apiv2][query] GET https://firestore.googleapis.com/v1/projects/kabai-lab-choice-1bc18/databases/(default)/collectionGroups/-/fields?filter=indexConfig.usesAncestorConfig=false OR ttlConfig:* [none]
[debug] [2023-02-26T04:21:59.889Z] <<< [apiv2][status] GET https://firestore.googleapis.com/v1/projects/kabai-lab-choice-1bc18/databases/(default)/collectionGroups/-/fields?filter=indexConfig.usesAncestorConfig=false OR ttlConfig:* 200
[debug] [2023-02-26T04:21:59.890Z] <<< [apiv2][body] GET https://firestore.googleapis.com/v1/projects/kabai-lab-choice-1bc18/databases/(default)/collectionGroups/-/fields?filter=indexConfig.usesAncestorConfig=false OR ttlConfig:* {"fields":[{"name":"projects/kabai-lab-choice-1bc18/databases/(default)/collectionGroups/__default__/fields/*","indexConfig":{"indexes":[{"queryScope":"COLLECTION","fields":[{"fieldPath":"*","order":"ASCENDING"}],"state":"READY"},{"queryScope":"COLLECTION","fields":[{"fieldPath":"*","order":"DESCENDING"}],"state":"READY"},{"queryScope":"COLLECTION","fields":[{"fieldPath":"*","arrayConfig":"CONTAINS"}],"state":"READY"}]}}]}
[debug] [2023-02-26T04:21:59.891Z] <<< [apiv2][status] GET https://firestore.googleapis.com/v1/projects/kabai-lab-choice-1bc18/databases/(default)/collectionGroups/-/indexes 200
[debug] [2023-02-26T04:21:59.891Z] <<< [apiv2][body] GET https://firestore.googleapis.com/v1/projects/kabai-lab-choice-1bc18/databases/(default)/collectionGroups/-/indexes {}
[info] 
=== Functions Setup
[debug] [2023-02-26T04:21:59.898Z] > command requires scopes: ["email","openid","https://www.googleapis.com/auth/cloudplatformprojects.readonly","https://www.googleapis.com/auth/firebase","https://www.googleapis.com/auth/cloud-platform"]
[debug] [2023-02-26T04:21:59.899Z] > authorizing via signed-in user (kusakabe.hayato.t8@dc.tohoku.ac.jp)
[debug] [2023-02-26T04:21:59.900Z] [iam] checking project kabai-lab-choice-1bc18 for permissions ["firebase.projects.get"]
[debug] [2023-02-26T04:21:59.901Z] >>> [apiv2][query] POST https://cloudresourcemanager.googleapis.com/v1/projects/kabai-lab-choice-1bc18:testIamPermissions [none]
[debug] [2023-02-26T04:21:59.901Z] >>> [apiv2][(partial)header] POST https://cloudresourcemanager.googleapis.com/v1/projects/kabai-lab-choice-1bc18:testIamPermissions x-goog-quota-user=projects/kabai-lab-choice-1bc18
[debug] [2023-02-26T04:21:59.901Z] >>> [apiv2][body] POST https://cloudresourcemanager.googleapis.com/v1/projects/kabai-lab-choice-1bc18:testIamPermissions {"permissions":["firebase.projects.get"]}
[debug] [2023-02-26T04:22:00.564Z] <<< [apiv2][status] POST https://cloudresourcemanager.googleapis.com/v1/projects/kabai-lab-choice-1bc18:testIamPermissions 200
[debug] [2023-02-26T04:22:00.564Z] <<< [apiv2][body] POST https://cloudresourcemanager.googleapis.com/v1/projects/kabai-lab-choice-1bc18:testIamPermissions {"permissions":["firebase.projects.get"]}
[debug] [2023-02-26T04:22:00.565Z] >>> [apiv2][query] GET https://serviceusage.googleapis.com/v1/projects/kabai-lab-choice-1bc18/services/cloudfunctions.googleapis.com [none]
[debug] [2023-02-26T04:22:00.565Z] >>> [apiv2][(partial)header] GET https://serviceusage.googleapis.com/v1/projects/kabai-lab-choice-1bc18/services/cloudfunctions.googleapis.com x-goog-quota-user=projects/kabai-lab-choice-1bc18
[debug] [2023-02-26T04:22:00.567Z] >>> [apiv2][query] GET https://serviceusage.googleapis.com/v1/projects/kabai-lab-choice-1bc18/services/runtimeconfig.googleapis.com [none]
[debug] [2023-02-26T04:22:00.567Z] >>> [apiv2][(partial)header] GET https://serviceusage.googleapis.com/v1/projects/kabai-lab-choice-1bc18/services/runtimeconfig.googleapis.com x-goog-quota-user=projects/kabai-lab-choice-1bc18
[debug] [2023-02-26T04:22:01.662Z] <<< [apiv2][status] GET https://serviceusage.googleapis.com/v1/projects/kabai-lab-choice-1bc18/services/cloudfunctions.googleapis.com 200
[debug] [2023-02-26T04:22:01.662Z] <<< [apiv2][body] GET https://serviceusage.googleapis.com/v1/projects/kabai-lab-choice-1bc18/services/cloudfunctions.googleapis.com [omitted]
[debug] [2023-02-26T04:22:01.662Z] >>> [apiv2][query] POST https://serviceusage.googleapis.com/v1/projects/kabai-lab-choice-1bc18/services/cloudfunctions.googleapis.com:enable [none]
[debug] [2023-02-26T04:22:01.662Z] >>> [apiv2][(partial)header] POST https://serviceusage.googleapis.com/v1/projects/kabai-lab-choice-1bc18/services/cloudfunctions.googleapis.com:enable x-goog-quota-user=projects/kabai-lab-choice-1bc18
[debug] [2023-02-26T04:22:01.665Z] <<< [apiv2][status] GET https://serviceusage.googleapis.com/v1/projects/kabai-lab-choice-1bc18/services/runtimeconfig.googleapis.com 200
[debug] [2023-02-26T04:22:01.666Z] <<< [apiv2][body] GET https://serviceusage.googleapis.com/v1/projects/kabai-lab-choice-1bc18/services/runtimeconfig.googleapis.com [omitted]
[debug] [2023-02-26T04:22:03.192Z] <<< [apiv2][status] POST https://serviceusage.googleapis.com/v1/projects/kabai-lab-choice-1bc18/services/cloudfunctions.googleapis.com:enable 200
[debug] [2023-02-26T04:22:03.192Z] <<< [apiv2][body] POST https://serviceusage.googleapis.com/v1/projects/kabai-lab-choice-1bc18/services/cloudfunctions.googleapis.com:enable [omitted]
[debug] [2023-02-26T04:22:13.199Z] >>> [apiv2][query] GET https://serviceusage.googleapis.com/v1/projects/kabai-lab-choice-1bc18/services/cloudfunctions.googleapis.com [none]
[debug] [2023-02-26T04:22:13.200Z] >>> [apiv2][(partial)header] GET https://serviceusage.googleapis.com/v1/projects/kabai-lab-choice-1bc18/services/cloudfunctions.googleapis.com x-goog-quota-user=projects/kabai-lab-choice-1bc18
[debug] [2023-02-26T04:22:14.268Z] <<< [apiv2][status] GET https://serviceusage.googleapis.com/v1/projects/kabai-lab-choice-1bc18/services/cloudfunctions.googleapis.com 200
[debug] [2023-02-26T04:22:14.269Z] <<< [apiv2][body] GET https://serviceusage.googleapis.com/v1/projects/kabai-lab-choice-1bc18/services/cloudfunctions.googleapis.com [omitted]
[info] Let's create a new codebase for your functions.
[info] A directory corresponding to the codebase will be created in your project
[info] with sample code pre-configured.

[info] See https://firebase.google.com/docs/functions/organize-functions for
[info] more information on organizing your functions using codebases.

[info] Functions can be deployed with firebase deploy.

[info] ✔  Wrote functions/package.json 
[info] ✔  Wrote functions/.eslintrc.js 
[info] ✔  Wrote functions/tsconfig.json 
[info] ✔  Wrote functions/tsconfig.dev.json 
[info] ✔  Wrote functions/src/index.ts 
[info] ✔  Wrote functions/.gitignore 
[info] 
=== Hosting Setup
[info] 
[info] Your public directory is the folder (relative to your project directory) that
[info] will contain Hosting assets to be uploaded with firebase deploy. If you
[info] have a build process for your assets, use your build's output directory.
[info] 
[debug] [2023-02-26T04:27:09.507Z] >>> [apiv2][query] GET https://www.gstatic.com/firebasejs/releases.json [none]
[debug] [2023-02-26T04:27:09.758Z] <<< [apiv2][status] GET https://www.gstatic.com/firebasejs/releases.json 200
[debug] [2023-02-26T04:27:09.758Z] <<< [apiv2][body] GET https://www.gstatic.com/firebasejs/releases.json {"current":{"version":"9.17.1","browserURL":"https://www.gstatic.com/firebasejs/9.17.1/firebase.js","packageURL":"https://www.gstatic.com/firebasejs/9.17.1/firebase.tgz"},"live":{"version":"9.17","browserURL":"https://www.gstatic.com/firebasejs/live/9.17/firebase.js","packageURL":"https://www.gstatic.com/firebasejs/live/9.17/firebase.tgz"},"components":{"analytics":"https://www.gstatic.com/firebasejs/9.17.1/firebase-analytics.js","app":"https://www.gstatic.com/firebasejs/9.17.1/firebase-app.js","app-check":"https://www.gstatic.com/firebasejs/9.17.1/firebase-app-check.js","auth":"https://www.gstatic.com/firebasejs/9.17.1/firebase-auth.js","auth/cordova":"https://www.gstatic.com/firebasejs/9.17.1/firebase-auth/cordova.js","auth/react-native":"https://www.gstatic.com/firebasejs/9.17.1/firebase-auth/react-native.js","functions":"https://www.gstatic.com/firebasejs/9.17.1/firebase-functions.js","firestore":"https://www.gstatic.com/firebasejs/9.17.1/firebase-firestore.js","firestore/lite":"https://www.gstatic.com/firebasejs/9.17.1/firebase-firestore/lite.js","installations":"https://www.gstatic.com/firebasejs/9.17.1/firebase-installations.js","storage":"https://www.gstatic.com/firebasejs/9.17.1/firebase-storage.js","performance":"https://www.gstatic.com/firebasejs/9.17.1/firebase-performance.js","remote-config":"https://www.gstatic.com/firebasejs/9.17.1/firebase-remote-config.js","messaging":"https://www.gstatic.com/firebasejs/9.17.1/firebase-messaging.js","messaging/sw":"https://www.gstatic.com/firebasejs/9.17.1/firebase-messaging/sw.js","database":"https://www.gstatic.com/firebasejs/9.17.1/firebase-database.js","firestore.memory":"https://www.gstatic.com/firebasejs/9.17.1/firebase-firestore.memory.js"}}
[info] ✔  Wrote build/index.html 
[info] 
[info] i  Detected a .git folder at /Users/kusakabesatsu/Desktop/reactpra/kabai/kabai-app 
[info] i  Authorizing with GitHub to upload your service account to a GitHub repository's secrets store. 
[info] 
[info] Visit this URL on this device to log in:
[info] https://github.com/login/oauth/authorize?client_id=89cf50f02ac6aaed3484&state=750397549&redirect_uri=http%3A%2F%2Flocalhost%3A9005&scope=read%3Auser%20repo%20public_repo
[info] 
[info] Waiting for authentication...
[debug] [2023-02-26T04:27:25.432Z] >>> [apiv2][query] POST https://github.com/login/oauth/access_token [none]
[debug] [2023-02-26T04:27:25.433Z] >>> [apiv2][body] POST https://github.com/login/oauth/access_token [stream]
[debug] [2023-02-26T04:27:25.769Z] <<< [apiv2][status] POST https://github.com/login/oauth/access_token 200
[debug] [2023-02-26T04:27:25.769Z] <<< [apiv2][body] POST https://github.com/login/oauth/access_token {"access_token":"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","token_type":"bearer","scope":"read:user,repo"}
[debug] [2023-02-26T04:27:25.811Z] >>> [apiv2][query] GET https://api.github.com/user [none]
[debug] [2023-02-26T04:27:26.173Z] <<< [apiv2][status] GET https://api.github.com/user 200
[debug] [2023-02-26T04:27:26.174Z] <<< [apiv2][body] GET https://api.github.com/user {"login":"haya1010","id":73729974,"node_id":"MDQ6VXNlcjczNzI5OTc0","avatar_url":"https://avatars.githubusercontent.com/u/73729974?v=4","gravatar_id":"","url":"https://api.github.com/users/haya1010","html_url":"https://github.com/haya1010","followers_url":"https://api.github.com/users/haya1010/followers","following_url":"https://api.github.com/users/haya1010/following{/other_user}","gists_url":"https://api.github.com/users/haya1010/gists{/gist_id}","starred_url":"https://api.github.com/users/haya1010/starred{/owner}{/repo}","subscriptions_url":"https://api.github.com/users/haya1010/subscriptions","organizations_url":"https://api.github.com/users/haya1010/orgs","repos_url":"https://api.github.com/users/haya1010/repos","events_url":"https://api.github.com/users/haya1010/events{/privacy}","received_events_url":"https://api.github.com/users/haya1010/received_events","type":"User","site_admin":false,"name":null,"company":null,"blog":"","location":null,"email":null,"hireable":null,"bio":null,"twitter_username":null,"public_repos":9,"public_gists":0,"followers":0,"following":0,"created_at":"2020-10-31T03:45:46Z","updated_at":"2023-02-26T04:27:19Z","private_gists":0,"total_private_repos":0,"owned_private_repos":0,"disk_usage":110339,"collaborators":0,"two_factor_authentication":false,"plan":{"name":"free","space":976562499,"collaborators":0,"private_repos":10000}}
[info] 
[info] ✔  Success! Logged into GitHub as haya1010 
[info] 
[debug] [2023-02-26T04:27:37.060Z] >>> [apiv2][query] GET https://api.github.com/repos//actions/secrets/public-key type=owner
[debug] [2023-02-26T04:27:37.322Z] <<< [apiv2][status] GET https://api.github.com/repos//actions/secrets/public-key 404
[debug] [2023-02-26T04:27:37.322Z] <<< [apiv2][body] GET https://api.github.com/repos//actions/secrets/public-key {"message":"Not Found","documentation_url":"https://docs.github.com/rest"}
[debug] [2023-02-26T04:28:17.056Z] >>> [apiv2][query] GET https://api.github.com/repos/haya1010/kabai-lab-choice-app/actions/secrets/public-key type=owner
[debug] [2023-02-26T04:28:17.514Z] <<< [apiv2][status] GET https://api.github.com/repos/haya1010/kabai-lab-choice-app/actions/secrets/public-key 404
[debug] [2023-02-26T04:28:17.514Z] <<< [apiv2][body] GET https://api.github.com/repos/haya1010/kabai-lab-choice-app/actions/secrets/public-key {"message":"Not Found","documentation_url":"https://docs.github.com/rest/reference/actions#get-a-repository-public-key"}
[debug] [2023-02-26T04:28:29.916Z] >>> [apiv2][query] GET https://api.github.com/repos/haya1010/kabai-lab-choice-app/actions/secrets/public-key type=owner
[debug] [2023-02-26T04:28:30.214Z] <<< [apiv2][status] GET https://api.github.com/repos/haya1010/kabai-lab-choice-app/actions/secrets/public-key 404
[debug] [2023-02-26T04:28:30.214Z] <<< [apiv2][body] GET https://api.github.com/repos/haya1010/kabai-lab-choice-app/actions/secrets/public-key {"message":"Not Found","documentation_url":"https://docs.github.com/rest/reference/actions#get-a-repository-public-key"}
